<?xml version='1.0' encoding='UTF-8'?>
<result plugin="junit@1.19">
  <suites>
    <suite>
      <file>C:\Users\curso\.jenkins\workspace\ProyectoFinal-QA\target\surefire-reports\TEST-com.deimos.PruebaUT.xml</file>
      <name>com.deimos.PruebaUT</name>
      <duration>0.289</duration>
      <time>0.289</time>
      <cases>
        <case>
          <duration>0.009</duration>
          <className>com.deimos.PruebaUT</className>
          <testName>test</testName>
          <skipped>false</skipped>
          <failedSince>0</failedSince>
        </case>
      </cases>
    </suite>
  </suites>
  <duration>0.289</duration>
  <keepLongStdio>false</keepLongStdio>
</result>