<?xml version='1.0' encoding='UTF-8'?>
<result plugin="junit@1.19">
  <suites>
    <suite>
      <file>c:\secundario\workspace\ProyectoFinal-IT\target\surefire-reports\TEST-com.deimos.PruebaUT.xml</file>
      <name>com.deimos.PruebaUT</name>
      <duration>0.399</duration>
      <time>0.399</time>
      <cases>
        <case>
          <duration>0.01</duration>
          <className>com.deimos.PruebaUT</className>
          <testName>test</testName>
          <skipped>false</skipped>
          <failedSince>0</failedSince>
        </case>
      </cases>
    </suite>
  </suites>
  <duration>0.399</duration>
  <keepLongStdio>false</keepLongStdio>
</result>